::1 - - [10/Apr/2025:18:16:40 -0300] "GET / HTTP/1.1" 403 987
::1 - - [10/Apr/2025:18:16:42 -0300] "GET / HTTP/1.1" 403 987
::1 - - [10/Apr/2025:18:16:43 -0300] "GET / HTTP/1.1" 403 987
::1 - - [10/Apr/2025:18:19:23 -0300] "GET /info.php HTTP/1.1" 403 981
::1 - - [10/Apr/2025:18:33:29 -0300] "GET /info.php HTTP/1.1" 403 981
::1 - - [10/Apr/2025:18:33:34 -0300] "GET /info.php HTTP/1.1" 403 981
::1 - - [10/Apr/2025:18:33:57 -0300] "GET /info.php HTTP/1.1" 403 981
::1 - - [10/Apr/2025:18:45:18 -0300] "GET /info.php HTTP/1.1" 403 973
::1 - - [10/Apr/2025:18:45:21 -0300] "GET / HTTP/1.1" 403 987
::1 - - [10/Apr/2025:18:47:37 -0300] "GET / HTTP/1.1" 403 987
::1 - - [10/Apr/2025:18:47:38 -0300] "GET / HTTP/1.1" 403 987
::1 - - [10/Apr/2025:18:47:48 -0300] "GET /login.php HTTP/1.1" 500 -
::1 - - [10/Apr/2025:18:47:52 -0300] "GET /login.php HTTP/1.1" 500 -
::1 - - [10/Apr/2025:18:47:57 -0300] "GET /info.php HTTP/1.1" 404 983
::1 - - [10/Apr/2025:18:48:10 -0300] "GET /login.php HTTP/1.1" 500 -
::1 - - [10/Apr/2025:18:49:57 -0300] "GET /mongo_test.php HTTP/1.1" 404 983
::1 - - [10/Apr/2025:18:50:03 -0300] "GET /info.php HTTP/1.1" 404 983
::1 - - [10/Apr/2025:18:50:09 -0300] "GET /login.php HTTP/1.1" 500 -
127.0.0.1 - - [10/Apr/2025:18:50:16 -0300] "GET /login.php HTTP/1.1" 500 -
127.0.0.1 - - [10/Apr/2025:18:50:32 -0300] "GET / HTTP/1.1" 403 992
::1 - - [10/Apr/2025:18:51:36 -0300] "GET /info.php HTTP/1.1" 404 983
127.0.0.1 - - [11/Apr/2025:00:03:13 -0300] "GET / HTTP/1.1" 403 992
::1 - - [11/Apr/2025:00:10:17 -0300] "GET / HTTP/1.1" 403 987
::1 - - [11/Apr/2025:00:14:04 -0300] "GET /info.php HTTP/1.1" 404 983
::1 - - [11/Apr/2025:00:14:11 -0300] "GET /mongo_test.php HTTP/1.1" 404 983
::1 - - [11/Apr/2025:00:18:36 -0300] "GET / HTTP/1.1" 200 794
::1 - - [11/Apr/2025:00:18:38 -0300] "GET /login.php HTTP/1.1" 500 -
::1 - - [11/Apr/2025:00:18:46 -0300] "GET /login.php HTTP/1.1" 500 -
::1 - - [11/Apr/2025:00:18:47 -0300] "GET / HTTP/1.1" 200 794
::1 - - [11/Apr/2025:00:18:48 -0300] "GET /register.php HTTP/1.1" 404 1102
::1 - - [11/Apr/2025:00:18:50 -0300] "GET / HTTP/1.1" 200 794
::1 - - [11/Apr/2025:00:18:55 -0300] "GET /info.php HTTP/1.1" 404 983
::1 - - [11/Apr/2025:00:18:57 -0300] "GET / HTTP/1.1" 200 794
::1 - - [11/Apr/2025:00:20:34 -0300] "GET /login.php HTTP/1.1" 500 -
::1 - - [11/Apr/2025:00:21:25 -0300] "GET /login.php HTTP/1.1" 500 -
::1 - - [11/Apr/2025:00:21:26 -0300] "GET / HTTP/1.1" 200 794
::1 - - [11/Apr/2025:00:21:27 -0300] "GET / HTTP/1.1" 200 794
::1 - - [11/Apr/2025:00:21:28 -0300] "GET /login.php HTTP/1.1" 500 -
::1 - - [11/Apr/2025:00:24:32 -0300] "GET / HTTP/1.1" 200 794
::1 - - [11/Apr/2025:00:24:33 -0300] "GET /register.php HTTP/1.1" 404 1102
::1 - - [11/Apr/2025:00:24:34 -0300] "GET / HTTP/1.1" 200 794
::1 - - [11/Apr/2025:00:24:36 -0300] "GET /register.php HTTP/1.1" 404 1102
::1 - - [11/Apr/2025:00:24:38 -0300] "GET / HTTP/1.1" 200 794
::1 - - [11/Apr/2025:00:24:56 -0300] "GET / HTTP/1.1" 200 792
::1 - - [11/Apr/2025:00:24:58 -0300] "GET /signin.php HTTP/1.1" 404 1102
::1 - - [11/Apr/2025:00:24:59 -0300] "GET / HTTP/1.1" 200 792
::1 - - [11/Apr/2025:00:25:04 -0300] "GET /signin.php HTTP/1.1" 404 1102
::1 - - [11/Apr/2025:00:25:05 -0300] "GET / HTTP/1.1" 200 792
::1 - - [11/Apr/2025:00:25:10 -0300] "GET /signin.php HTTP/1.1" 404 1102
::1 - - [11/Apr/2025:00:25:25 -0300] "GET /signin.php HTTP/1.1" 404 1102
::1 - - [11/Apr/2025:00:25:26 -0300] "GET /signin.php HTTP/1.1" 404 1102
::1 - - [11/Apr/2025:00:25:29 -0300] "GET / HTTP/1.1" 200 792
::1 - - [11/Apr/2025:00:25:30 -0300] "GET /signup.php HTTP/1.1" 500 -
::1 - - [11/Apr/2025:00:25:32 -0300] "GET / HTTP/1.1" 200 792
