[Thu Apr 10 18:16:40.984618 2025] [core:error] [pid 14806:tid 14806] (13)Permission denied: [client ::1:33012] AH00035: access to / denied (filesystem path '/home/lul/code') because search permissions are missing on a component of the path
[Thu Apr 10 18:16:42.345938 2025] [core:error] [pid 14806:tid 14806] (13)Permission denied: [client ::1:33012] AH00035: access to / denied (filesystem path '/home/lul/code') because search permissions are missing on a component of the path
[Thu Apr 10 18:16:43.185415 2025] [core:error] [pid 14806:tid 14806] (13)Permission denied: [client ::1:33012] AH00035: access to / denied (filesystem path '/home/lul/code') because search permissions are missing on a component of the path
[Thu Apr 10 18:19:23.077821 2025] [core:error] [pid 14939:tid 14939] (13)Permission denied: [client ::1:58598] AH00035: access to /info.php denied (filesystem path '/home/lul/code') because search permissions are missing on a component of the path
[Thu Apr 10 18:33:29.730914 2025] [core:error] [pid 17026:tid 17026] (13)Permission denied: [client ::1:55736] AH00035: access to /info.php denied (filesystem path '/home/lul/code') because search permissions are missing on a component of the path
[Thu Apr 10 18:33:34.114989 2025] [core:error] [pid 17026:tid 17026] (13)Permission denied: [client ::1:55736] AH00035: access to /info.php denied (filesystem path '/home/lul/code') because search permissions are missing on a component of the path
[Thu Apr 10 18:33:57.936416 2025] [core:error] [pid 17027:tid 17027] (13)Permission denied: [client ::1:57358] AH00035: access to /info.php denied (filesystem path '/home/lul/code') because search permissions are missing on a component of the path
[Thu Apr 10 18:45:18.139339 2025] [core:error] [pid 18149:tid 18149] (13)Permission denied: [client ::1:51578] AH00035: access to /info.php denied (filesystem path '/home/lul/code') because search permissions are missing on a component of the path
[Thu Apr 10 18:45:21.106534 2025] [core:error] [pid 18149:tid 18149] (13)Permission denied: [client ::1:51578] AH00035: access to / denied (filesystem path '/home/lul/code') because search permissions are missing on a component of the path
[Thu Apr 10 18:47:37.407477 2025] [autoindex:error] [pid 18516:tid 18516] [client ::1:52628] AH01276: Cannot serve directory /home/lul/code/php-mongodb/usersapp/: No matching DirectoryIndex (index.html,index.php,index.html,index.php,index.html) found, and server-generated directory index forbidden by Options directive
[Thu Apr 10 18:47:38.832842 2025] [autoindex:error] [pid 18516:tid 18516] [client ::1:52628] AH01276: Cannot serve directory /home/lul/code/php-mongodb/usersapp/: No matching DirectoryIndex (index.html,index.php,index.html,index.php,index.html) found, and server-generated directory index forbidden by Options directive
[Thu Apr 10 18:47:48.666256 2025] [php:error] [pid 18517:tid 18517] [client ::1:59234] PHP Fatal error:  Uncaught Error: Class "MongoDB" not found in /home/lul/code/php-mongodb/usersapp/login.php:4\nStack trace:\n#0 {main}\n  thrown in /home/lul/code/php-mongodb/usersapp/login.php on line 4
[Thu Apr 10 18:47:52.627358 2025] [php:error] [pid 18518:tid 18518] [client ::1:59238] PHP Fatal error:  Uncaught Error: Class "MongoDB" not found in /home/lul/code/php-mongodb/usersapp/login.php:4\nStack trace:\n#0 {main}\n  thrown in /home/lul/code/php-mongodb/usersapp/login.php on line 4
[Thu Apr 10 18:47:57.540855 2025] [php:error] [pid 18519:tid 18519] [client ::1:33388] script '/home/lul/code/php-mongodb/usersapp/info.php' not found or unable to stat
[Thu Apr 10 18:48:10.123547 2025] [php:error] [pid 18520:tid 18520] [client ::1:60194] PHP Fatal error:  Uncaught Error: Class "MongoDB" not found in /home/lul/code/php-mongodb/usersapp/login.php:4\nStack trace:\n#0 {main}\n  thrown in /home/lul/code/php-mongodb/usersapp/login.php on line 4
[Thu Apr 10 18:49:57.160485 2025] [php:error] [pid 18600:tid 18600] [client ::1:56282] script '/home/lul/code/php-mongodb/usersapp/mongo_test.php' not found or unable to stat
[Thu Apr 10 18:50:03.390074 2025] [php:error] [pid 18601:tid 18601] [client ::1:56286] script '/home/lul/code/php-mongodb/usersapp/info.php' not found or unable to stat
[Thu Apr 10 18:50:09.103512 2025] [php:error] [pid 18602:tid 18602] [client ::1:48014] PHP Fatal error:  Uncaught Error: Class "MongoDB" not found in /home/lul/code/php-mongodb/usersapp/login.php:4\nStack trace:\n#0 {main}\n  thrown in /home/lul/code/php-mongodb/usersapp/login.php on line 4
[Thu Apr 10 18:50:16.876904 2025] [php:error] [pid 18603:tid 18603] [client 127.0.0.1:45024] PHP Fatal error:  Uncaught Error: Class "MongoDB" not found in /home/lul/code/php-mongodb/usersapp/login.php:4\nStack trace:\n#0 {main}\n  thrown in /home/lul/code/php-mongodb/usersapp/login.php on line 4
[Thu Apr 10 18:50:32.399579 2025] [autoindex:error] [pid 18604:tid 18604] [client 127.0.0.1:36946] AH01276: Cannot serve directory /home/lul/code/php-mongodb/usersapp/: No matching DirectoryIndex (index.html,index.php,index.html,index.php,index.html) found, and server-generated directory index forbidden by Options directive
[Thu Apr 10 18:51:36.445455 2025] [php:error] [pid 18600:tid 18600] [client ::1:58826] script '/home/lul/code/php-mongodb/usersapp/info.php' not found or unable to stat
[Fri Apr 11 00:03:13.309801 2025] [autoindex:error] [pid 20708:tid 20708] [client 127.0.0.1:36754] AH01276: Cannot serve directory /home/lul/code/php-mongodb/usersapp/: No matching DirectoryIndex (index.html,index.php,index.html,index.php,index.html) found, and server-generated directory index forbidden by Options directive
[Fri Apr 11 00:10:17.915327 2025] [autoindex:error] [pid 20824:tid 20824] [client ::1:58640] AH01276: Cannot serve directory /home/lul/code/php-mongodb/usersapp/: No matching DirectoryIndex (index.html,index.php,index.html,index.php,index.html) found, and server-generated directory index forbidden by Options directive
[Fri Apr 11 00:14:04.346589 2025] [php:error] [pid 20825:tid 20825] [client ::1:53354] script '/home/lul/code/php-mongodb/usersapp/info.php' not found or unable to stat
[Fri Apr 11 00:14:11.201701 2025] [php:error] [pid 20826:tid 20826] [client ::1:43226] script '/home/lul/code/php-mongodb/usersapp/mongo_test.php' not found or unable to stat
[Fri Apr 11 00:18:38.742701 2025] [php:error] [pid 21128:tid 21128] [client ::1:54484] PHP Fatal error:  Uncaught Error: Class "MongoDB" not found in /home/lul/code/php-mongodb/usersapp/login.php:4\nStack trace:\n#0 {main}\n  thrown in /home/lul/code/php-mongodb/usersapp/login.php on line 4, referer: http://localhost/
[Fri Apr 11 00:18:46.204150 2025] [php:error] [pid 21130:tid 21130] [client ::1:41932] PHP Fatal error:  Uncaught Error: Class "MongoDB" not found in /home/lul/code/php-mongodb/usersapp/login.php:4\nStack trace:\n#0 {main}\n  thrown in /home/lul/code/php-mongodb/usersapp/login.php on line 4, referer: http://localhost/
[Fri Apr 11 00:18:48.501116 2025] [php:error] [pid 21131:tid 21131] [client ::1:41944] script '/home/lul/code/php-mongodb/usersapp/register.php' not found or unable to stat, referer: http://localhost/
[Fri Apr 11 00:18:55.818492 2025] [php:error] [pid 21132:tid 21132] [client ::1:50142] script '/home/lul/code/php-mongodb/usersapp/info.php' not found or unable to stat
[Fri Apr 11 00:20:34.818872 2025] [php:error] [pid 21133:tid 21133] [client ::1:38748] PHP Fatal error:  Uncaught Error: Class "MongoDB" not found in /home/lul/code/php-mongodb/usersapp/login.php:4\nStack trace:\n#0 {main}\n  thrown in /home/lul/code/php-mongodb/usersapp/login.php on line 4, referer: http://localhost/
[Fri Apr 11 00:21:25.570416 2025] [php:error] [pid 21295:tid 21295] [client ::1:59090] PHP Fatal error:  Uncaught Error: Class "MongoDB" not found in /home/lul/code/php-mongodb/usersapp/login.php:4\nStack trace:\n#0 {main}\n  thrown in /home/lul/code/php-mongodb/usersapp/login.php on line 4, referer: http://localhost/
[Fri Apr 11 00:21:28.832623 2025] [php:error] [pid 21297:tid 21297] [client ::1:59100] PHP Fatal error:  Uncaught Error: Class "MongoDB" not found in /home/lul/code/php-mongodb/usersapp/login.php:4\nStack trace:\n#0 {main}\n  thrown in /home/lul/code/php-mongodb/usersapp/login.php on line 4, referer: http://localhost/
[Fri Apr 11 00:24:33.624752 2025] [php:error] [pid 21298:tid 21298] [client ::1:35126] script '/home/lul/code/php-mongodb/usersapp/register.php' not found or unable to stat, referer: http://localhost/
[Fri Apr 11 00:24:36.149428 2025] [php:error] [pid 21298:tid 21298] [client ::1:35126] script '/home/lul/code/php-mongodb/usersapp/register.php' not found or unable to stat, referer: http://localhost/
[Fri Apr 11 00:24:58.222817 2025] [php:error] [pid 21299:tid 21299] [client ::1:35006] script '/home/lul/code/php-mongodb/usersapp/signin.php' not found or unable to stat, referer: http://localhost/
[Fri Apr 11 00:25:04.111527 2025] [php:error] [pid 21453:tid 21453] [client ::1:46724] script '/home/lul/code/php-mongodb/usersapp/signin.php' not found or unable to stat, referer: http://localhost/
[Fri Apr 11 00:25:10.454196 2025] [php:error] [pid 21454:tid 21454] [client ::1:55672] script '/home/lul/code/php-mongodb/usersapp/signin.php' not found or unable to stat, referer: http://localhost/
[Fri Apr 11 00:25:25.330106 2025] [php:error] [pid 21455:tid 21455] [client ::1:50854] script '/home/lul/code/php-mongodb/usersapp/signin.php' not found or unable to stat, referer: http://localhost/
[Fri Apr 11 00:25:26.106297 2025] [php:error] [pid 21455:tid 21455] [client ::1:50854] script '/home/lul/code/php-mongodb/usersapp/signin.php' not found or unable to stat, referer: http://localhost/
[Fri Apr 11 00:25:30.945641 2025] [php:error] [pid 21669:tid 21669] [client ::1:51028] PHP Parse error:  syntax error, unexpected token "if" in /home/lul/code/php-mongodb/usersapp/signup.php on line 6, referer: http://localhost/
